2025-02-17 20:04:46 - INFO - com.example.EMS_backend.EmsBackendApplication - Starting EmsBackendApplication using Java 23.0.1 with PID 2372 (C:\Users\HP\Downloads\EMS-backend\EMS-backend\target\classes started by HP in C:\Users\HP\Downloads\EMS-backend\EMS-backend)
2025-02-17 20:04:46 - INFO - com.example.EMS_backend.EmsBackendApplication - No active profile set, falling back to 1 default profile: "default"
2025-02-17 20:04:48 - INFO - org.springframework.data.repository.config.RepositoryConfigurationDelegate - Bootstrapping Spring Data JPA repositories in DEFAULT mode.
2025-02-17 20:04:48 - INFO - org.springframework.data.repository.config.RepositoryConfigurationDelegate - Finished Spring Data repository scanning in 133 ms. Found 2 JPA repository interfaces.
2025-02-17 20:04:49 - INFO - org.springframework.boot.web.embedded.tomcat.TomcatWebServer - Tomcat initialized with port 8080 (http)
2025-02-17 20:04:49 - INFO - org.apache.coyote.http11.Http11NioProtocol - Initializing ProtocolHandler ["http-nio-8080"]
2025-02-17 20:04:49 - INFO - org.apache.catalina.core.StandardService - Starting service [Tomcat]
2025-02-17 20:04:49 - INFO - org.apache.catalina.core.StandardEngine - Starting Servlet engine: [Apache Tomcat/10.1.34]
2025-02-17 20:04:49 - INFO - org.apache.catalina.core.ContainerBase.[Tomcat].[localhost].[/] - Initializing Spring embedded WebApplicationContext
2025-02-17 20:04:49 - INFO - org.springframework.boot.web.servlet.context.ServletWebServerApplicationContext - Root WebApplicationContext: initialization completed in 2950 ms
2025-02-17 20:04:50 - INFO - org.hibernate.jpa.internal.util.LogHelper - HHH000204: Processing PersistenceUnitInfo [name: default]
2025-02-17 20:04:50 - INFO - org.hibernate.Version - HHH000412: Hibernate ORM core version 6.6.5.Final
2025-02-17 20:04:50 - INFO - org.hibernate.cache.internal.RegionFactoryInitiator - HHH000026: Second-level cache disabled
2025-02-17 20:04:50 - INFO - org.springframework.orm.jpa.persistenceunit.SpringPersistenceUnitInfo - No LoadTimeWeaver setup: ignoring JPA class transformer
2025-02-17 20:04:50 - INFO - com.zaxxer.hikari.HikariDataSource - HikariPool-1 - Starting...
2025-02-17 20:04:51 - INFO - com.zaxxer.hikari.pool.HikariPool - HikariPool-1 - Added connection org.postgresql.jdbc.PgConnection@27db45f
2025-02-17 20:04:51 - INFO - com.zaxxer.hikari.HikariDataSource - HikariPool-1 - Start completed.
2025-02-17 20:04:51 - WARN - org.hibernate.orm.deprecation - HHH90000025: PostgreSQLDialect does not need to be specified explicitly using 'hibernate.dialect' (remove the property setting and it will be selected by default)
2025-02-17 20:04:51 - INFO - org.hibernate.orm.connections.pooling - HHH10001005: Database info:
	Database JDBC URL [Connecting through datasource 'HikariDataSource (HikariPool-1)']
	Database driver: undefined/unknown
	Database version: 17.2
	Autocommit mode: undefined/unknown
	Isolation level: undefined/unknown
	Minimum pool size: undefined/unknown
	Maximum pool size: undefined/unknown
2025-02-17 20:04:52 - INFO - org.hibernate.engine.transaction.jta.platform.internal.JtaPlatformInitiator - HHH000489: No JTA platform available (set 'hibernate.transaction.jta.platform' to enable JTA platform integration)
2025-02-17 20:04:53 - INFO - org.springframework.orm.jpa.LocalContainerEntityManagerFactoryBean - Initialized JPA EntityManagerFactory for persistence unit 'default'
2025-02-17 20:04:53 - INFO - org.springframework.data.jpa.repository.query.QueryEnhancerFactory - Hibernate is in classpath; If applicable, HQL parser will be used.
2025-02-17 20:04:55 - WARN - org.springframework.boot.autoconfigure.orm.jpa.JpaBaseConfiguration$JpaWebConfiguration - spring.jpa.open-in-view is enabled by default. Therefore, database queries may be performed during view rendering. Explicitly configure spring.jpa.open-in-view to disable this warning
2025-02-17 20:04:56 - INFO - org.apache.coyote.http11.Http11NioProtocol - Starting ProtocolHandler ["http-nio-8080"]
2025-02-17 20:04:56 - INFO - org.springframework.boot.web.embedded.tomcat.TomcatWebServer - Tomcat started on port 8080 (http) with context path '/'
2025-02-17 20:04:56 - INFO - com.example.EMS_backend.EmsBackendApplication - Started EmsBackendApplication in 10.884 seconds (process running for 12.59)
2025-02-17 20:06:50 - INFO - org.springframework.boot.web.embedded.tomcat.GracefulShutdown - Commencing graceful shutdown. Waiting for active requests to complete
2025-02-17 20:06:50 - INFO - org.springframework.boot.web.embedded.tomcat.GracefulShutdown - Graceful shutdown complete
2025-02-17 20:06:50 - INFO - org.springframework.orm.jpa.LocalContainerEntityManagerFactoryBean - Closing JPA EntityManagerFactory for persistence unit 'default'
2025-02-17 20:06:50 - INFO - com.zaxxer.hikari.HikariDataSource - HikariPool-1 - Shutdown initiated...
2025-02-17 20:06:50 - INFO - com.zaxxer.hikari.HikariDataSource - HikariPool-1 - Shutdown completed.
2025-02-17 20:10:49 - INFO - com.example.EMS_backend.EmsBackendApplication - Starting EmsBackendApplication using Java 23.0.1 with PID 14572 (C:\Users\HP\Downloads\EMS-backend\EMS-backend\target\classes started by HP in C:\Users\HP\Downloads\EMS-backend\EMS-backend)
2025-02-17 20:10:49 - INFO - com.example.EMS_backend.EmsBackendApplication - No active profile set, falling back to 1 default profile: "default"
2025-02-17 20:10:50 - INFO - org.springframework.data.repository.config.RepositoryConfigurationDelegate - Bootstrapping Spring Data JPA repositories in DEFAULT mode.
2025-02-17 20:10:50 - INFO - org.springframework.data.repository.config.RepositoryConfigurationDelegate - Finished Spring Data repository scanning in 82 ms. Found 2 JPA repository interfaces.
2025-02-17 20:10:51 - INFO - org.springframework.boot.web.embedded.tomcat.TomcatWebServer - Tomcat initialized with port 8080 (http)
2025-02-17 20:10:51 - INFO - org.apache.coyote.http11.Http11NioProtocol - Initializing ProtocolHandler ["http-nio-8080"]
2025-02-17 20:10:51 - INFO - org.apache.catalina.core.StandardService - Starting service [Tomcat]
2025-02-17 20:10:51 - INFO - org.apache.catalina.core.StandardEngine - Starting Servlet engine: [Apache Tomcat/10.1.34]
2025-02-17 20:10:51 - INFO - org.apache.catalina.core.ContainerBase.[Tomcat].[localhost].[/] - Initializing Spring embedded WebApplicationContext
2025-02-17 20:10:51 - INFO - org.springframework.boot.web.servlet.context.ServletWebServerApplicationContext - Root WebApplicationContext: initialization completed in 1662 ms
2025-02-17 20:10:51 - INFO - org.hibernate.jpa.internal.util.LogHelper - HHH000204: Processing PersistenceUnitInfo [name: default]
2025-02-17 20:10:51 - INFO - org.hibernate.Version - HHH000412: Hibernate ORM core version 6.6.5.Final
2025-02-17 20:10:51 - INFO - org.hibernate.cache.internal.RegionFactoryInitiator - HHH000026: Second-level cache disabled
2025-02-17 20:10:52 - INFO - org.springframework.orm.jpa.persistenceunit.SpringPersistenceUnitInfo - No LoadTimeWeaver setup: ignoring JPA class transformer
2025-02-17 20:10:52 - INFO - com.zaxxer.hikari.HikariDataSource - HikariPool-1 - Starting...
2025-02-17 20:10:52 - INFO - com.zaxxer.hikari.pool.HikariPool - HikariPool-1 - Added connection org.postgresql.jdbc.PgConnection@5a466dd
2025-02-17 20:10:52 - INFO - com.zaxxer.hikari.HikariDataSource - HikariPool-1 - Start completed.
2025-02-17 20:10:52 - WARN - org.hibernate.orm.deprecation - HHH90000025: PostgreSQLDialect does not need to be specified explicitly using 'hibernate.dialect' (remove the property setting and it will be selected by default)
2025-02-17 20:10:52 - INFO - org.hibernate.orm.connections.pooling - HHH10001005: Database info:
	Database JDBC URL [Connecting through datasource 'HikariDataSource (HikariPool-1)']
	Database driver: undefined/unknown
	Database version: 17.2
	Autocommit mode: undefined/unknown
	Isolation level: undefined/unknown
	Minimum pool size: undefined/unknown
	Maximum pool size: undefined/unknown
2025-02-17 20:10:53 - INFO - org.hibernate.engine.transaction.jta.platform.internal.JtaPlatformInitiator - HHH000489: No JTA platform available (set 'hibernate.transaction.jta.platform' to enable JTA platform integration)
2025-02-17 20:10:53 - INFO - org.springframework.orm.jpa.LocalContainerEntityManagerFactoryBean - Initialized JPA EntityManagerFactory for persistence unit 'default'
2025-02-17 20:10:54 - INFO - org.springframework.data.jpa.repository.query.QueryEnhancerFactory - Hibernate is in classpath; If applicable, HQL parser will be used.
2025-02-17 20:10:55 - WARN - org.springframework.boot.autoconfigure.orm.jpa.JpaBaseConfiguration$JpaWebConfiguration - spring.jpa.open-in-view is enabled by default. Therefore, database queries may be performed during view rendering. Explicitly configure spring.jpa.open-in-view to disable this warning
2025-02-17 20:10:56 - INFO - org.apache.coyote.http11.Http11NioProtocol - Starting ProtocolHandler ["http-nio-8080"]
2025-02-17 20:10:56 - INFO - org.springframework.boot.web.embedded.tomcat.TomcatWebServer - Tomcat started on port 8080 (http) with context path '/'
2025-02-17 20:10:56 - INFO - com.example.EMS_backend.EmsBackendApplication - Started EmsBackendApplication in 7.112 seconds (process running for 8.135)
2025-02-17 20:12:34 - INFO - org.apache.catalina.core.ContainerBase.[Tomcat].[localhost].[/] - Initializing Spring DispatcherServlet 'dispatcherServlet'
2025-02-17 20:13:13 - WARN - org.springframework.data.web.config.SpringDataJacksonConfiguration$PageModule$WarningLoggingModifier - Serializing PageImpl instances as-is is not supported, meaning that there is no guarantee about the stability of the resulting JSON structure!
	For a stable JSON structure, please use Spring Data's PagedModel (globally via @EnableSpringDataWebSupport(pageSerializationMode = VIA_DTO))
	or Spring HATEOAS and Spring Data's PagedResourcesAssembler as documented in https://docs.spring.io/spring-data/commons/reference/repositories/core-extensions.html#core.web.pageables.

2025-02-17 20:13:35 - INFO - org.springframework.boot.web.embedded.tomcat.GracefulShutdown - Commencing graceful shutdown. Waiting for active requests to complete
2025-02-17 20:13:35 - INFO - org.springframework.boot.web.embedded.tomcat.GracefulShutdown - Graceful shutdown complete
2025-02-17 20:13:35 - INFO - org.springframework.orm.jpa.LocalContainerEntityManagerFactoryBean - Closing JPA EntityManagerFactory for persistence unit 'default'
2025-02-17 20:13:35 - INFO - com.zaxxer.hikari.HikariDataSource - HikariPool-1 - Shutdown initiated...
2025-02-17 20:13:35 - INFO - com.zaxxer.hikari.HikariDataSource - HikariPool-1 - Shutdown completed.
2025-02-18 08:55:13 - INFO - com.example.EMS_backend.EmsBackendApplication - Starting EmsBackendApplication using Java 23.0.1 with PID 14672 (C:\Users\HP\Downloads\EMS-backend\EMS-backend\target\classes started by HP in C:\Users\HP\Downloads\EMS-backend\EMS-backend)
2025-02-18 08:55:13 - DEBUG - com.example.EMS_backend.EmsBackendApplication - Running with Spring Boot v3.4.2, Spring v6.2.2
2025-02-18 08:55:13 - INFO - com.example.EMS_backend.EmsBackendApplication - No active profile set, falling back to 1 default profile: "default"
2025-02-18 08:55:15 - INFO - org.springframework.data.repository.config.RepositoryConfigurationDelegate - Bootstrapping Spring Data JPA repositories in DEFAULT mode.
2025-02-18 08:55:15 - INFO - org.springframework.data.repository.config.RepositoryConfigurationDelegate - Finished Spring Data repository scanning in 112 ms. Found 2 JPA repository interfaces.
2025-02-18 08:55:16 - INFO - org.springframework.boot.web.embedded.tomcat.TomcatWebServer - Tomcat initialized with port 8080 (http)
2025-02-18 08:55:16 - INFO - org.apache.coyote.http11.Http11NioProtocol - Initializing ProtocolHandler ["http-nio-8080"]
2025-02-18 08:55:16 - INFO - org.apache.catalina.core.StandardService - Starting service [Tomcat]
2025-02-18 08:55:16 - INFO - org.apache.catalina.core.StandardEngine - Starting Servlet engine: [Apache Tomcat/10.1.34]
2025-02-18 08:55:16 - INFO - org.apache.catalina.core.ContainerBase.[Tomcat].[localhost].[/] - Initializing Spring embedded WebApplicationContext
2025-02-18 08:55:16 - INFO - org.springframework.boot.web.servlet.context.ServletWebServerApplicationContext - Root WebApplicationContext: initialization completed in 2657 ms
2025-02-18 08:55:16 - INFO - org.hibernate.jpa.internal.util.LogHelper - HHH000204: Processing PersistenceUnitInfo [name: default]
2025-02-18 08:55:16 - INFO - org.hibernate.Version - HHH000412: Hibernate ORM core version 6.6.5.Final
2025-02-18 08:55:16 - INFO - org.hibernate.cache.internal.RegionFactoryInitiator - HHH000026: Second-level cache disabled
2025-02-18 08:55:17 - INFO - org.springframework.orm.jpa.persistenceunit.SpringPersistenceUnitInfo - No LoadTimeWeaver setup: ignoring JPA class transformer
2025-02-18 08:55:17 - INFO - com.zaxxer.hikari.HikariDataSource - HikariPool-1 - Starting...
2025-02-18 08:55:17 - INFO - com.zaxxer.hikari.pool.HikariPool - HikariPool-1 - Added connection org.postgresql.jdbc.PgConnection@6e981e78
2025-02-18 08:55:17 - INFO - com.zaxxer.hikari.HikariDataSource - HikariPool-1 - Start completed.
2025-02-18 08:55:17 - WARN - org.hibernate.orm.deprecation - HHH90000025: PostgreSQLDialect does not need to be specified explicitly using 'hibernate.dialect' (remove the property setting and it will be selected by default)
2025-02-18 08:55:18 - INFO - org.hibernate.orm.connections.pooling - HHH10001005: Database info:
	Database JDBC URL [Connecting through datasource 'HikariDataSource (HikariPool-1)']
	Database driver: undefined/unknown
	Database version: 17.2
	Autocommit mode: undefined/unknown
	Isolation level: undefined/unknown
	Minimum pool size: undefined/unknown
	Maximum pool size: undefined/unknown
2025-02-18 08:55:19 - INFO - org.hibernate.engine.transaction.jta.platform.internal.JtaPlatformInitiator - HHH000489: No JTA platform available (set 'hibernate.transaction.jta.platform' to enable JTA platform integration)
2025-02-18 08:55:19 - INFO - org.springframework.orm.jpa.LocalContainerEntityManagerFactoryBean - Initialized JPA EntityManagerFactory for persistence unit 'default'
2025-02-18 08:55:20 - INFO - org.springframework.data.jpa.repository.query.QueryEnhancerFactory - Hibernate is in classpath; If applicable, HQL parser will be used.
2025-02-18 08:55:22 - WARN - org.springframework.boot.autoconfigure.orm.jpa.JpaBaseConfiguration$JpaWebConfiguration - spring.jpa.open-in-view is enabled by default. Therefore, database queries may be performed during view rendering. Explicitly configure spring.jpa.open-in-view to disable this warning
2025-02-18 08:55:22 - INFO - org.apache.coyote.http11.Http11NioProtocol - Starting ProtocolHandler ["http-nio-8080"]
2025-02-18 08:55:22 - INFO - org.springframework.boot.web.embedded.tomcat.TomcatWebServer - Tomcat started on port 8080 (http) with context path '/'
2025-02-18 08:55:22 - INFO - com.example.EMS_backend.EmsBackendApplication - Started EmsBackendApplication in 9.904 seconds (process running for 11.907)
2025-02-18 08:55:42 - INFO - org.apache.catalina.core.ContainerBase.[Tomcat].[localhost].[/] - Initializing Spring DispatcherServlet 'dispatcherServlet'
2025-02-18 08:55:43 - WARN - org.springframework.data.web.config.SpringDataJacksonConfiguration$PageModule$WarningLoggingModifier - Serializing PageImpl instances as-is is not supported, meaning that there is no guarantee about the stability of the resulting JSON structure!
	For a stable JSON structure, please use Spring Data's PagedModel (globally via @EnableSpringDataWebSupport(pageSerializationMode = VIA_DTO))
	or Spring HATEOAS and Spring Data's PagedResourcesAssembler as documented in https://docs.spring.io/spring-data/commons/reference/repositories/core-extensions.html#core.web.pageables.

2025-02-18 09:00:23 - INFO - org.springframework.boot.web.embedded.tomcat.GracefulShutdown - Commencing graceful shutdown. Waiting for active requests to complete
2025-02-18 09:00:23 - INFO - org.springframework.boot.web.embedded.tomcat.GracefulShutdown - Graceful shutdown complete
2025-02-18 09:00:23 - INFO - org.springframework.orm.jpa.LocalContainerEntityManagerFactoryBean - Closing JPA EntityManagerFactory for persistence unit 'default'
2025-02-18 09:00:23 - INFO - com.zaxxer.hikari.HikariDataSource - HikariPool-1 - Shutdown initiated...
2025-02-18 09:00:23 - INFO - com.zaxxer.hikari.HikariDataSource - HikariPool-1 - Shutdown completed.
2025-02-18 09:00:29 - INFO - com.example.EMS_backend.EmsBackendApplication - Starting EmsBackendApplication using Java 23.0.1 with PID 17564 (C:\Users\HP\Downloads\EMS-backend\EMS-backend\target\classes started by HP in C:\Users\HP\Downloads\EMS-backend\EMS-backend)
2025-02-18 09:00:29 - DEBUG - com.example.EMS_backend.EmsBackendApplication - Running with Spring Boot v3.4.2, Spring v6.2.2
2025-02-18 09:00:29 - INFO - com.example.EMS_backend.EmsBackendApplication - No active profile set, falling back to 1 default profile: "default"
2025-02-18 09:00:30 - INFO - org.springframework.data.repository.config.RepositoryConfigurationDelegate - Bootstrapping Spring Data JPA repositories in DEFAULT mode.
2025-02-18 09:00:30 - INFO - org.springframework.data.repository.config.RepositoryConfigurationDelegate - Finished Spring Data repository scanning in 79 ms. Found 2 JPA repository interfaces.
2025-02-18 09:00:31 - INFO - org.springframework.boot.web.embedded.tomcat.TomcatWebServer - Tomcat initialized with port 8080 (http)
2025-02-18 09:00:31 - INFO - org.apache.coyote.http11.Http11NioProtocol - Initializing ProtocolHandler ["http-nio-8080"]
2025-02-18 09:00:31 - INFO - org.apache.catalina.core.StandardService - Starting service [Tomcat]
2025-02-18 09:00:31 - INFO - org.apache.catalina.core.StandardEngine - Starting Servlet engine: [Apache Tomcat/10.1.34]
2025-02-18 09:00:31 - INFO - org.apache.catalina.core.ContainerBase.[Tomcat].[localhost].[/] - Initializing Spring embedded WebApplicationContext
2025-02-18 09:00:31 - INFO - org.springframework.boot.web.servlet.context.ServletWebServerApplicationContext - Root WebApplicationContext: initialization completed in 2062 ms
2025-02-18 09:00:32 - INFO - org.hibernate.jpa.internal.util.LogHelper - HHH000204: Processing PersistenceUnitInfo [name: default]
2025-02-18 09:00:32 - INFO - org.hibernate.Version - HHH000412: Hibernate ORM core version 6.6.5.Final
2025-02-18 09:00:32 - INFO - org.hibernate.cache.internal.RegionFactoryInitiator - HHH000026: Second-level cache disabled
2025-02-18 09:00:32 - INFO - org.springframework.orm.jpa.persistenceunit.SpringPersistenceUnitInfo - No LoadTimeWeaver setup: ignoring JPA class transformer
2025-02-18 09:00:32 - INFO - com.zaxxer.hikari.HikariDataSource - HikariPool-1 - Starting...
2025-02-18 09:00:33 - INFO - com.zaxxer.hikari.pool.HikariPool - HikariPool-1 - Added connection org.postgresql.jdbc.PgConnection@4af70b83
2025-02-18 09:00:33 - INFO - com.zaxxer.hikari.HikariDataSource - HikariPool-1 - Start completed.
2025-02-18 09:00:33 - WARN - org.hibernate.orm.deprecation - HHH90000025: PostgreSQLDialect does not need to be specified explicitly using 'hibernate.dialect' (remove the property setting and it will be selected by default)
2025-02-18 09:00:33 - INFO - org.hibernate.orm.connections.pooling - HHH10001005: Database info:
	Database JDBC URL [Connecting through datasource 'HikariDataSource (HikariPool-1)']
	Database driver: undefined/unknown
	Database version: 17.2
	Autocommit mode: undefined/unknown
	Isolation level: undefined/unknown
	Minimum pool size: undefined/unknown
	Maximum pool size: undefined/unknown
2025-02-18 09:00:34 - INFO - org.hibernate.engine.transaction.jta.platform.internal.JtaPlatformInitiator - HHH000489: No JTA platform available (set 'hibernate.transaction.jta.platform' to enable JTA platform integration)
2025-02-18 09:00:34 - INFO - org.springframework.orm.jpa.LocalContainerEntityManagerFactoryBean - Initialized JPA EntityManagerFactory for persistence unit 'default'
2025-02-18 09:00:34 - INFO - org.springframework.data.jpa.repository.query.QueryEnhancerFactory - Hibernate is in classpath; If applicable, HQL parser will be used.
2025-02-18 09:00:36 - WARN - org.springframework.boot.autoconfigure.orm.jpa.JpaBaseConfiguration$JpaWebConfiguration - spring.jpa.open-in-view is enabled by default. Therefore, database queries may be performed during view rendering. Explicitly configure spring.jpa.open-in-view to disable this warning
2025-02-18 09:00:37 - INFO - org.apache.coyote.http11.Http11NioProtocol - Starting ProtocolHandler ["http-nio-8080"]
2025-02-18 09:00:37 - INFO - org.springframework.boot.web.embedded.tomcat.TomcatWebServer - Tomcat started on port 8080 (http) with context path '/'
2025-02-18 09:00:37 - INFO - com.example.EMS_backend.EmsBackendApplication - Started EmsBackendApplication in 8.047 seconds (process running for 9.259)
2025-02-18 09:00:40 - INFO - org.apache.catalina.core.ContainerBase.[Tomcat].[localhost].[/] - Initializing Spring DispatcherServlet 'dispatcherServlet'
2025-02-18 09:00:40 - WARN - org.springframework.data.web.config.SpringDataJacksonConfiguration$PageModule$WarningLoggingModifier - Serializing PageImpl instances as-is is not supported, meaning that there is no guarantee about the stability of the resulting JSON structure!
	For a stable JSON structure, please use Spring Data's PagedModel (globally via @EnableSpringDataWebSupport(pageSerializationMode = VIA_DTO))
	or Spring HATEOAS and Spring Data's PagedResourcesAssembler as documented in https://docs.spring.io/spring-data/commons/reference/repositories/core-extensions.html#core.web.pageables.

2025-02-18 09:02:39 - INFO - org.springframework.boot.web.embedded.tomcat.GracefulShutdown - Commencing graceful shutdown. Waiting for active requests to complete
2025-02-18 09:02:39 - INFO - org.springframework.boot.web.embedded.tomcat.GracefulShutdown - Graceful shutdown complete
2025-02-18 09:02:39 - INFO - org.springframework.orm.jpa.LocalContainerEntityManagerFactoryBean - Closing JPA EntityManagerFactory for persistence unit 'default'
2025-02-18 09:02:39 - INFO - com.zaxxer.hikari.HikariDataSource - HikariPool-1 - Shutdown initiated...
2025-02-18 09:02:39 - INFO - com.zaxxer.hikari.HikariDataSource - HikariPool-1 - Shutdown completed.
